\BOOKMARK [1][-]{section.1}{Contexte}{}% 1
\BOOKMARK [2][-]{subsection.1.1}{Qu'est-ce que la r\351alit\351 virtuelle ?}{section.1}% 2
\BOOKMARK [2][-]{subsection.1.2}{La R\351alit\351 Virtuelle et l'aide \340 la personne}{section.1}% 3
\BOOKMARK [3][-]{subsubsection.1.2.1}{L'aide \340 la personne}{subsection.1.2}% 4
\BOOKMARK [3][-]{subsubsection.1.2.2}{Le centre de Kerpape}{subsection.1.2}% 5
\BOOKMARK [3][-]{subsubsection.1.2.3}{Le projet Avalon}{subsection.1.2}% 6
\BOOKMARK [1][-]{section.2}{Cahier des charges}{}% 7
\BOOKMARK [2][-]{subsection.2.1}{Partie fonctionnelle}{section.2}% 8
\BOOKMARK [3][-]{subsubsection.2.1.1}{Modes de fonctionnement}{subsection.2.1}% 9
\BOOKMARK [3][-]{subsubsection.2.1.2}{Points de vue : endocentr\351, exocentr\351}{subsection.2.1}% 10
\BOOKMARK [3][-]{subsubsection.2.1.3}{D\351placements, mise en situation et interactions}{subsection.2.1}% 11
\BOOKMARK [3][-]{subsubsection.2.1.4}{Sc\351narios}{subsection.2.1}% 12
\BOOKMARK [2][-]{subsection.2.2}{Partie technique}{section.2}% 13
\BOOKMARK [3][-]{subsubsection.2.2.1}{Interactions et 3D en temps r\351el}{subsection.2.2}% 14
\BOOKMARK [3][-]{subsubsection.2.2.2}{Plate-forme d'ex\351cution}{subsection.2.2}% 15
\BOOKMARK [3][-]{subsubsection.2.2.3}{Abstraction des p\351riph\351riques}{subsection.2.2}% 16
\BOOKMARK [1][-]{section.3}{Etude fonctionnelle}{}% 17
\BOOKMARK [2][-]{subsection.3.1}{Sc\351nario 1: Appel t\351l\351phonique entrant}{section.3}% 18
\BOOKMARK [2][-]{subsection.3.2}{Sc\351nario 2: Visite de l'infirmier}{section.3}% 19
\BOOKMARK [2][-]{subsection.3.3}{Sc\351nario 3: Visite d'un inconnu}{section.3}% 20
\BOOKMARK [2][-]{subsection.3.4}{Diagramme des cas d'utilisation}{section.3}% 21
\BOOKMARK [1][-]{section.4}{Sp\351cifications}{}% 22
\BOOKMARK [2][-]{subsection.4.1}{Donn\351es}{section.4}% 23
\BOOKMARK [2][-]{subsection.4.2}{Logiciels}{section.4}% 24
\BOOKMARK [3][-]{subsubsection.4.2.1}{3DSmax}{subsection.4.2}% 25
\BOOKMARK [3][-]{subsubsection.4.2.2}{Blender}{subsection.4.2}% 26
\BOOKMARK [3][-]{subsubsection.4.2.3}{Unity}{subsection.4.2}% 27
\BOOKMARK [3][-]{subsubsection.4.2.4}{VRPN}{subsection.4.2}% 28
\BOOKMARK [3][-]{subsubsection.4.2.5}{MiddleVR}{subsection.4.2}% 29
\BOOKMARK [3][-]{subsubsection.4.2.6}{\043Five}{subsection.4.2}% 30
\BOOKMARK [2][-]{subsection.4.3}{Mat\351riels et environnement technique}{section.4}% 31
\BOOKMARK [3][-]{subsubsection.4.3.1}{Mat\351riel d'immersion}{subsection.4.3}% 32
\BOOKMARK [3][-]{subsubsection.4.3.2}{Mat\351riel d'interaction}{subsection.4.3}% 33
\BOOKMARK [2][-]{subsection.4.4}{Techniques d'interaction}{section.4}% 34
\BOOKMARK [3][-]{subsubsection.4.4.1}{Interface Clavier/Souris et \351cran d'ordinateur}{subsection.4.4}% 35
\BOOKMARK [3][-]{subsubsection.4.4.2}{Compatibilit\351 avec tous les p\351riph\351riques via MiddleVR}{subsection.4.4}% 36
\BOOKMARK [1][-]{section.5}{Planification}{}% 37
\BOOKMARK [2][-]{subsection.5.1}{Versions interm\351diaires}{section.5}% 38
\BOOKMARK [2][-]{subsection.5.2}{Organisation du travail}{section.5}% 39
\BOOKMARK [2][-]{subsection.5.3}{Estimation du planning}{section.5}% 40
\BOOKMARK [1][-]{section.6}{Conclusion}{}% 41
